<?xml version="1.0" encoding="UTF-8"?>
<testsuite name="com.cotchan.springboot.web.PostsApiControllerTest" tests="2" skipped="0" failures="0" errors="0" timestamp="2021-02-28T11:51:53" hostname="MacBook-Pro-2.local" time="0.33">
  <properties/>
  <testcase name="Posts_등록된다" classname="com.cotchan.springboot.web.PostsApiControllerTest" time="0.268"/>
  <testcase name="Posts_수정된다" classname="com.cotchan.springboot.web.PostsApiControllerTest" time="0.061"/>
  <system-out><![CDATA[2021-02-28 20:51:53.488  INFO 722 --- [    Test worker] .b.t.c.SpringBootTestContextBootstrapper : Neither @ContextConfiguration nor @ContextHierarchy found for test class [com.cotchan.springboot.web.PostsApiControllerTest], using SpringBootContextLoader
2021-02-28 20:51:53.490  INFO 722 --- [    Test worker] o.s.t.c.support.AbstractContextLoader    : Could not detect default resource locations for test class [com.cotchan.springboot.web.PostsApiControllerTest]: no resource found for suffixes {-context.xml, Context.groovy}.
2021-02-28 20:51:53.490  INFO 722 --- [    Test worker] t.c.s.AnnotationConfigContextLoaderUtils : Could not detect default configuration classes for test class [com.cotchan.springboot.web.PostsApiControllerTest]: PostsApiControllerTest does not declare any static, non-private, non-final, nested classes annotated with @Configuration.
2021-02-28 20:51:53.495  INFO 722 --- [    Test worker] .b.t.c.SpringBootTestContextBootstrapper : Found @SpringBootConfiguration com.cotchan.springboot.Application for test class com.cotchan.springboot.web.PostsApiControllerTest
2021-02-28 20:51:53.498  INFO 722 --- [    Test worker] .b.t.c.SpringBootTestContextBootstrapper : Loaded default TestExecutionListener class names from location [META-INF/spring.factories]: [org.springframework.security.test.context.support.WithSecurityContextTestExecutionListener, org.springframework.security.test.context.support.ReactorContextTestExecutionListener, org.springframework.boot.test.autoconfigure.restdocs.RestDocsTestExecutionListener, org.springframework.boot.test.autoconfigure.web.client.MockRestServiceServerResetTestExecutionListener, org.springframework.boot.test.autoconfigure.web.servlet.MockMvcPrintOnlyOnFailureTestExecutionListener, org.springframework.boot.test.autoconfigure.web.servlet.WebDriverTestExecutionListener, org.springframework.boot.test.mock.mockito.MockitoTestExecutionListener, org.springframework.boot.test.mock.mockito.ResetMocksTestExecutionListener, org.springframework.test.context.web.ServletTestExecutionListener, org.springframework.test.context.support.DirtiesContextBeforeModesTestExecutionListener, org.springframework.test.context.support.DependencyInjectionTestExecutionListener, org.springframework.test.context.support.DirtiesContextTestExecutionListener, org.springframework.test.context.transaction.TransactionalTestExecutionListener, org.springframework.test.context.jdbc.SqlScriptsTestExecutionListener]
2021-02-28 20:51:53.500  INFO 722 --- [    Test worker] .b.t.c.SpringBootTestContextBootstrapper : Using TestExecutionListeners: [org.springframework.test.context.web.ServletTestExecutionListener@6edec4b4, org.springframework.test.context.support.DirtiesContextBeforeModesTestExecutionListener@4747de6e, org.springframework.boot.test.mock.mockito.MockitoTestExecutionListener@6d19cf3f, org.springframework.boot.test.autoconfigure.SpringBootDependencyInjectionTestExecutionListener@2bfc6160, org.springframework.test.context.support.DirtiesContextTestExecutionListener@331ffbcf, org.springframework.test.context.transaction.TransactionalTestExecutionListener@4a52e76c, org.springframework.test.context.jdbc.SqlScriptsTestExecutionListener@6991a92e, org.springframework.security.test.context.support.WithSecurityContextTestExecutionListener@21ae321d, org.springframework.security.test.context.support.ReactorContextTestExecutionListener@6da36464, org.springframework.boot.test.autoconfigure.restdocs.RestDocsTestExecutionListener@3097873b, org.springframework.boot.test.autoconfigure.web.client.MockRestServiceServerResetTestExecutionListener@54ab80de, org.springframework.boot.test.autoconfigure.web.servlet.MockMvcPrintOnlyOnFailureTestExecutionListener@4457e8c, org.springframework.boot.test.autoconfigure.web.servlet.WebDriverTestExecutionListener@72b3ba24, org.springframework.boot.test.mock.mockito.ResetMocksTestExecutionListener@7e914516]
2021-02-28 20:51:53.519  INFO 722 --- [    Test worker] o.a.c.c.C.[Tomcat].[localhost].[/]       : Initializing Spring TestDispatcherServlet ''
2021-02-28 20:51:53.519  INFO 722 --- [    Test worker] o.s.t.web.servlet.TestDispatcherServlet  : Initializing Servlet ''
2021-02-28 20:51:53.528  INFO 722 --- [    Test worker] o.s.t.web.servlet.TestDispatcherServlet  : Completed initialization in 8 ms
Hibernate: insert into posts (created_date, modified_date, author, content, title) values (?, ?, ?, ?, ?)
Hibernate: select posts0_.id as id1_0_, posts0_.created_date as created_2_0_, posts0_.modified_date as modified3_0_, posts0_.author as author4_0_, posts0_.content as content5_0_, posts0_.title as title6_0_ from posts posts0_
Hibernate: select posts0_.id as id1_0_, posts0_.created_date as created_2_0_, posts0_.modified_date as modified3_0_, posts0_.author as author4_0_, posts0_.content as content5_0_, posts0_.title as title6_0_ from posts posts0_
Hibernate: delete from posts where id=?
2021-02-28 20:51:53.783  INFO 722 --- [    Test worker] o.a.c.c.C.[Tomcat].[localhost].[/]       : Initializing Spring TestDispatcherServlet ''
2021-02-28 20:51:53.783  INFO 722 --- [    Test worker] o.s.t.web.servlet.TestDispatcherServlet  : Initializing Servlet ''
2021-02-28 20:51:53.786  INFO 722 --- [    Test worker] o.s.t.web.servlet.TestDispatcherServlet  : Completed initialization in 3 ms
Hibernate: insert into posts (created_date, modified_date, author, content, title) values (?, ?, ?, ?, ?)
Hibernate: select posts0_.id as id1_0_0_, posts0_.created_date as created_2_0_0_, posts0_.modified_date as modified3_0_0_, posts0_.author as author4_0_0_, posts0_.content as content5_0_0_, posts0_.title as title6_0_0_ from posts posts0_ where posts0_.id=?
Hibernate: update posts set created_date=?, modified_date=?, author=?, content=?, title=? where id=?
Hibernate: select posts0_.id as id1_0_, posts0_.created_date as created_2_0_, posts0_.modified_date as modified3_0_, posts0_.author as author4_0_, posts0_.content as content5_0_, posts0_.title as title6_0_ from posts posts0_
Hibernate: select posts0_.id as id1_0_, posts0_.created_date as created_2_0_, posts0_.modified_date as modified3_0_, posts0_.author as author4_0_, posts0_.content as content5_0_, posts0_.title as title6_0_ from posts posts0_
Hibernate: delete from posts where id=?
]]></system-out>
  <system-err><![CDATA[]]></system-err>
</testsuite>
