<?xml version="1.0" encoding="UTF-8"?>
<testsuite name="com.cotchan.springboot.web.dto.HelloResponseDtoTest" tests="1" skipped="0" failures="0" errors="0" timestamp="2021-02-28T11:51:45" hostname="MacBook-Pro-2.local" time="0.052">
  <properties/>
  <testcase name="롬복_기능_테스트" classname="com.cotchan.springboot.web.dto.HelloResponseDtoTest" time="0.052"/>
  <system-out><![CDATA[]]></system-out>
  <system-err><![CDATA[]]></system-err>
</testsuite>
