<?xml version="1.0" encoding="UTF-8"?>
<testsuite name="com.cotchan.springboot.web.HelloControllerTest" tests="2" skipped="0" failures="0" errors="0" timestamp="2021-02-28T11:51:48" hostname="MacBook-Pro-2.local" time="0.37">
  <properties/>
  <testcase name="hello가_리턴된다" classname="com.cotchan.springboot.web.HelloControllerTest" time="0.286"/>
  <testcase name="helloDto가_리턴된다" classname="com.cotchan.springboot.web.HelloControllerTest" time="0.083"/>
  <system-out><![CDATA[20:51:45.814 [Test worker] DEBUG org.springframework.test.context.junit4.SpringJUnit4ClassRunner - SpringJUnit4ClassRunner constructor called with [class com.cotchan.springboot.web.HelloControllerTest]
20:51:45.819 [Test worker] DEBUG org.springframework.test.context.BootstrapUtils - Instantiating CacheAwareContextLoaderDelegate from class [org.springframework.test.context.cache.DefaultCacheAwareContextLoaderDelegate]
20:51:45.827 [Test worker] DEBUG org.springframework.test.context.BootstrapUtils - Instantiating BootstrapContext using constructor [public org.springframework.test.context.support.DefaultBootstrapContext(java.lang.Class,org.springframework.test.context.CacheAwareContextLoaderDelegate)]
20:51:45.843 [Test worker] DEBUG org.springframework.test.context.BootstrapUtils - Instantiating TestContextBootstrapper for test class [com.cotchan.springboot.web.HelloControllerTest] from class [org.springframework.boot.test.autoconfigure.web.servlet.WebMvcTestContextBootstrapper]
20:51:45.868 [Test worker] INFO org.springframework.boot.test.autoconfigure.web.servlet.WebMvcTestContextBootstrapper - Neither @ContextConfiguration nor @ContextHierarchy found for test class [com.cotchan.springboot.web.HelloControllerTest], using SpringBootContextLoader
20:51:45.872 [Test worker] DEBUG org.springframework.test.context.support.AbstractContextLoader - Did not detect default resource location for test class [com.cotchan.springboot.web.HelloControllerTest]: class path resource [com/cotchan/springboot/web/HelloControllerTest-context.xml] does not exist
20:51:45.872 [Test worker] DEBUG org.springframework.test.context.support.AbstractContextLoader - Did not detect default resource location for test class [com.cotchan.springboot.web.HelloControllerTest]: class path resource [com/cotchan/springboot/web/HelloControllerTestContext.groovy] does not exist
20:51:45.873 [Test worker] INFO org.springframework.test.context.support.AbstractContextLoader - Could not detect default resource locations for test class [com.cotchan.springboot.web.HelloControllerTest]: no resource found for suffixes {-context.xml, Context.groovy}.
20:51:45.873 [Test worker] INFO org.springframework.test.context.support.AnnotationConfigContextLoaderUtils - Could not detect default configuration classes for test class [com.cotchan.springboot.web.HelloControllerTest]: HelloControllerTest does not declare any static, non-private, non-final, nested classes annotated with @Configuration.
20:51:45.947 [Test worker] DEBUG org.springframework.test.context.support.ActiveProfilesUtils - Could not find an 'annotation declaring class' for annotation type [org.springframework.test.context.ActiveProfiles] and class [com.cotchan.springboot.web.HelloControllerTest]
20:51:46.033 [Test worker] DEBUG org.springframework.context.annotation.ClassPathScanningCandidateComponentProvider - Identified candidate component class: file [/Users/chanyoung/Desktop/project/springboot2-webservice/build/classes/java/main/com/cotchan/springboot/Application.class]
20:51:46.034 [Test worker] INFO org.springframework.boot.test.context.SpringBootTestContextBootstrapper - Found @SpringBootConfiguration com.cotchan.springboot.Application for test class com.cotchan.springboot.web.HelloControllerTest
20:51:46.036 [Test worker] DEBUG org.springframework.boot.test.autoconfigure.web.servlet.WebMvcTestContextBootstrapper - @TestExecutionListeners is not present for class [com.cotchan.springboot.web.HelloControllerTest]: using defaults.
20:51:46.036 [Test worker] INFO org.springframework.boot.test.autoconfigure.web.servlet.WebMvcTestContextBootstrapper - Loaded default TestExecutionListener class names from location [META-INF/spring.factories]: [org.springframework.security.test.context.support.WithSecurityContextTestExecutionListener, org.springframework.security.test.context.support.ReactorContextTestExecutionListener, org.springframework.boot.test.autoconfigure.restdocs.RestDocsTestExecutionListener, org.springframework.boot.test.autoconfigure.web.client.MockRestServiceServerResetTestExecutionListener, org.springframework.boot.test.autoconfigure.web.servlet.MockMvcPrintOnlyOnFailureTestExecutionListener, org.springframework.boot.test.autoconfigure.web.servlet.WebDriverTestExecutionListener, org.springframework.boot.test.mock.mockito.MockitoTestExecutionListener, org.springframework.boot.test.mock.mockito.ResetMocksTestExecutionListener, org.springframework.test.context.web.ServletTestExecutionListener, org.springframework.test.context.support.DirtiesContextBeforeModesTestExecutionListener, org.springframework.test.context.support.DependencyInjectionTestExecutionListener, org.springframework.test.context.support.DirtiesContextTestExecutionListener, org.springframework.test.context.transaction.TransactionalTestExecutionListener, org.springframework.test.context.jdbc.SqlScriptsTestExecutionListener]
20:51:46.060 [Test worker] INFO org.springframework.boot.test.autoconfigure.web.servlet.WebMvcTestContextBootstrapper - Using TestExecutionListeners: [org.springframework.test.context.web.ServletTestExecutionListener@3d82a340, org.springframework.test.context.support.DirtiesContextBeforeModesTestExecutionListener@2fbe959c, org.springframework.boot.test.mock.mockito.MockitoTestExecutionListener@562ae1f7, org.springframework.boot.test.autoconfigure.SpringBootDependencyInjectionTestExecutionListener@30e704a9, org.springframework.test.context.support.DirtiesContextTestExecutionListener@18572956, org.springframework.test.context.transaction.TransactionalTestExecutionListener@439e5db5, org.springframework.test.context.jdbc.SqlScriptsTestExecutionListener@42ba2968, org.springframework.security.test.context.support.WithSecurityContextTestExecutionListener@4af0afda, org.springframework.security.test.context.support.ReactorContextTestExecutionListener@6bcc324b, org.springframework.boot.test.autoconfigure.restdocs.RestDocsTestExecutionListener@5a0ea972, org.springframework.boot.test.autoconfigure.web.client.MockRestServiceServerResetTestExecutionListener@496c3a32, org.springframework.boot.test.autoconfigure.web.servlet.MockMvcPrintOnlyOnFailureTestExecutionListener@6add2ba, org.springframework.boot.test.autoconfigure.web.servlet.WebDriverTestExecutionListener@c79f64e, org.springframework.boot.test.mock.mockito.ResetMocksTestExecutionListener@23138b8a]
20:51:46.062 [Test worker] DEBUG org.springframework.test.annotation.ProfileValueUtils - Retrieved @ProfileValueSourceConfiguration [null] for test class [com.cotchan.springboot.web.HelloControllerTest]
20:51:46.062 [Test worker] DEBUG org.springframework.test.annotation.ProfileValueUtils - Retrieved ProfileValueSource type [class org.springframework.test.annotation.SystemProfileValueSource] for class [com.cotchan.springboot.web.HelloControllerTest]
20:51:46.062 [Test worker] DEBUG org.springframework.test.annotation.ProfileValueUtils - Retrieved @ProfileValueSourceConfiguration [null] for test class [com.cotchan.springboot.web.HelloControllerTest]
20:51:46.062 [Test worker] DEBUG org.springframework.test.annotation.ProfileValueUtils - Retrieved ProfileValueSource type [class org.springframework.test.annotation.SystemProfileValueSource] for class [com.cotchan.springboot.web.HelloControllerTest]
20:51:46.066 [Test worker] DEBUG org.springframework.test.context.support.AbstractDirtiesContextTestExecutionListener - Before test class: context [DefaultTestContext@14a7a24e testClass = HelloControllerTest, testInstance = [null], testMethod = [null], testException = [null], mergedContextConfiguration = [WebMergedContextConfiguration@29807d3a testClass = HelloControllerTest, locations = '{}', classes = '{class com.cotchan.springboot.Application}', contextInitializerClasses = '[]', activeProfiles = '{}', propertySourceLocations = '{}', propertySourceProperties = '{org.springframework.boot.test.autoconfigure.web.servlet.WebMvcTestContextBootstrapper=true}', contextCustomizers = set[org.springframework.boot.test.autoconfigure.OverrideAutoConfigurationContextCustomizerFactory$DisableAutoConfigurationContextCustomizer@acfec52, org.springframework.boot.test.autoconfigure.filter.TypeExcludeFiltersContextCustomizer@897ef319, org.springframework.boot.test.autoconfigure.properties.PropertyMappingContextCustomizer@922a0a53, org.springframework.boot.test.autoconfigure.web.servlet.WebDriverContextCustomizerFactory$Customizer@852e58e, [ImportsContextCustomizer@68fc3c68 key = [org.springframework.boot.autoconfigure.cache.CacheAutoConfiguration, org.springframework.boot.autoconfigure.context.MessageSourceAutoConfiguration, org.springframework.boot.autoconfigure.data.web.SpringDataWebAutoConfiguration, org.springframework.boot.autoconfigure.freemarker.FreeMarkerAutoConfiguration, org.springframework.boot.autoconfigure.groovy.template.GroovyTemplateAutoConfiguration, org.springframework.boot.autoconfigure.gson.GsonAutoConfiguration, org.springframework.boot.autoconfigure.hateoas.HypermediaAutoConfiguration, org.springframework.boot.autoconfigure.http.HttpMessageConvertersAutoConfiguration, org.springframework.boot.autoconfigure.jackson.JacksonAutoConfiguration, org.springframework.boot.autoconfigure.jsonb.JsonbAutoConfiguration, org.springframework.boot.autoconfigure.mustache.MustacheAutoConfiguration, org.springframework.boot.autoconfigure.task.TaskExecutionAutoConfiguration, org.springframework.boot.autoconfigure.thymeleaf.ThymeleafAutoConfiguration, org.springframework.boot.autoconfigure.validation.ValidationAutoConfiguration, org.springframework.boot.autoconfigure.web.servlet.error.ErrorMvcAutoConfiguration, org.springframework.boot.autoconfigure.web.servlet.WebMvcAutoConfiguration, org.springframework.boot.test.autoconfigure.web.servlet.MockMvcAutoConfiguration, org.springframework.boot.test.autoconfigure.web.servlet.MockMvcSecurityAutoConfiguration, org.springframework.boot.test.autoconfigure.web.servlet.MockMvcWebClientAutoConfiguration, org.springframework.boot.test.autoconfigure.web.servlet.MockMvcWebDriverAutoConfiguration]], org.springframework.boot.test.context.filter.ExcludeFilterContextCustomizer@59e58f79, org.springframework.boot.test.json.DuplicateJsonObjectContextCustomizerFactory$DuplicateJsonObjectContextCustomizer@1884c7c1, org.springframework.boot.test.mock.mockito.MockitoContextCustomizer@0], resourceBasePath = 'src/main/webapp', contextLoader = 'org.springframework.boot.test.context.SpringBootContextLoader', parent = [null]], attributes = map[[empty]]], class annotated with @DirtiesContext [false] with mode [null].
20:51:46.067 [Test worker] DEBUG org.springframework.test.annotation.ProfileValueUtils - Retrieved @ProfileValueSourceConfiguration [null] for test class [com.cotchan.springboot.web.HelloControllerTest]
20:51:46.067 [Test worker] DEBUG org.springframework.test.annotation.ProfileValueUtils - Retrieved ProfileValueSource type [class org.springframework.test.annotation.SystemProfileValueSource] for class [com.cotchan.springboot.web.HelloControllerTest]
20:51:46.072 [Test worker] DEBUG org.springframework.test.context.support.DependencyInjectionTestExecutionListener - Performing dependency injection for test context [[DefaultTestContext@14a7a24e testClass = HelloControllerTest, testInstance = com.cotchan.springboot.web.HelloControllerTest@568859eb, testMethod = [null], testException = [null], mergedContextConfiguration = [WebMergedContextConfiguration@29807d3a testClass = HelloControllerTest, locations = '{}', classes = '{class com.cotchan.springboot.Application}', contextInitializerClasses = '[]', activeProfiles = '{}', propertySourceLocations = '{}', propertySourceProperties = '{org.springframework.boot.test.autoconfigure.web.servlet.WebMvcTestContextBootstrapper=true}', contextCustomizers = set[org.springframework.boot.test.autoconfigure.OverrideAutoConfigurationContextCustomizerFactory$DisableAutoConfigurationContextCustomizer@acfec52, org.springframework.boot.test.autoconfigure.filter.TypeExcludeFiltersContextCustomizer@897ef319, org.springframework.boot.test.autoconfigure.properties.PropertyMappingContextCustomizer@922a0a53, org.springframework.boot.test.autoconfigure.web.servlet.WebDriverContextCustomizerFactory$Customizer@852e58e, [ImportsContextCustomizer@68fc3c68 key = [org.springframework.boot.autoconfigure.cache.CacheAutoConfiguration, org.springframework.boot.autoconfigure.context.MessageSourceAutoConfiguration, org.springframework.boot.autoconfigure.data.web.SpringDataWebAutoConfiguration, org.springframework.boot.autoconfigure.freemarker.FreeMarkerAutoConfiguration, org.springframework.boot.autoconfigure.groovy.template.GroovyTemplateAutoConfiguration, org.springframework.boot.autoconfigure.gson.GsonAutoConfiguration, org.springframework.boot.autoconfigure.hateoas.HypermediaAutoConfiguration, org.springframework.boot.autoconfigure.http.HttpMessageConvertersAutoConfiguration, org.springframework.boot.autoconfigure.jackson.JacksonAutoConfiguration, org.springframework.boot.autoconfigure.jsonb.JsonbAutoConfiguration, org.springframework.boot.autoconfigure.mustache.MustacheAutoConfiguration, org.springframework.boot.autoconfigure.task.TaskExecutionAutoConfiguration, org.springframework.boot.autoconfigure.thymeleaf.ThymeleafAutoConfiguration, org.springframework.boot.autoconfigure.validation.ValidationAutoConfiguration, org.springframework.boot.autoconfigure.web.servlet.error.ErrorMvcAutoConfiguration, org.springframework.boot.autoconfigure.web.servlet.WebMvcAutoConfiguration, org.springframework.boot.test.autoconfigure.web.servlet.MockMvcAutoConfiguration, org.springframework.boot.test.autoconfigure.web.servlet.MockMvcSecurityAutoConfiguration, org.springframework.boot.test.autoconfigure.web.servlet.MockMvcWebClientAutoConfiguration, org.springframework.boot.test.autoconfigure.web.servlet.MockMvcWebDriverAutoConfiguration]], org.springframework.boot.test.context.filter.ExcludeFilterContextCustomizer@59e58f79, org.springframework.boot.test.json.DuplicateJsonObjectContextCustomizerFactory$DuplicateJsonObjectContextCustomizer@1884c7c1, org.springframework.boot.test.mock.mockito.MockitoContextCustomizer@0], resourceBasePath = 'src/main/webapp', contextLoader = 'org.springframework.boot.test.context.SpringBootContextLoader', parent = [null]], attributes = map[[empty]]]].
20:51:46.181 [Test worker] DEBUG org.springframework.test.context.support.TestPropertySourceUtils - Adding inlined properties to environment: {spring.jmx.enabled=false, org.springframework.boot.test.autoconfigure.web.servlet.WebMvcTestContextBootstrapper=true, server.port=-1}

  .   ____          _            __ _ _
 /\\ / ___'_ __ _ _(_)_ __  __ _ \ \ \ \
( ( )\___ | '_ | '_| | '_ \/ _` | \ \ \ \
 \\/  ___)| |_)| | | | | || (_| |  ) ) ) )
  '  |____| .__|_| |_|_| |_\__, | / / / /
 =========|_|==============|___/=/_/_/_/
 :: Spring Boot ::        (v2.1.7.RELEASE)

2021-02-28 20:51:46.668  INFO 722 --- [    Test worker] c.c.springboot.web.HelloControllerTest   : Starting HelloControllerTest on MacBook-Pro-2.local with PID 722 (started by chanyoung in /Users/chanyoung/Desktop/project/springboot2-webservice)
2021-02-28 20:51:46.670  INFO 722 --- [    Test worker] c.c.springboot.web.HelloControllerTest   : No active profile set, falling back to default profiles: default
2021-02-28 20:51:47.844  INFO 722 --- [    Test worker] o.s.s.concurrent.ThreadPoolTaskExecutor  : Initializing ExecutorService 'applicationTaskExecutor'
2021-02-28 20:51:47.919  INFO 722 --- [    Test worker] o.s.b.a.w.s.WelcomePageHandlerMapping    : Adding welcome page template: index
2021-02-28 20:51:48.269  INFO 722 --- [    Test worker] .s.s.UserDetailsServiceAutoConfiguration : 

Using generated security password: 5002b7cb-4054-4bab-9faa-4c956ce4fcae

2021-02-28 20:51:48.444  INFO 722 --- [    Test worker] o.s.s.web.DefaultSecurityFilterChain     : Creating filter chain: any request, [org.springframework.security.web.context.request.async.WebAsyncManagerIntegrationFilter@4af969e2, org.springframework.security.web.context.SecurityContextPersistenceFilter@4465de5c, org.springframework.security.web.header.HeaderWriterFilter@245a5078, org.springframework.security.web.csrf.CsrfFilter@24918175, org.springframework.security.web.authentication.logout.LogoutFilter@19a7f0d2, org.springframework.security.web.authentication.UsernamePasswordAuthenticationFilter@7ce44777, org.springframework.security.web.authentication.ui.DefaultLoginPageGeneratingFilter@48c4420e, org.springframework.security.web.authentication.ui.DefaultLogoutPageGeneratingFilter@1d03ed7e, org.springframework.security.web.authentication.www.BasicAuthenticationFilter@7d12cd37, org.springframework.security.web.savedrequest.RequestCacheAwareFilter@2fc0d165, org.springframework.security.web.servletapi.SecurityContextHolderAwareRequestFilter@4c044c40, org.springframework.security.web.authentication.AnonymousAuthenticationFilter@e212590, org.springframework.security.web.session.SessionManagementFilter@3bd99d6a, org.springframework.security.web.access.ExceptionTranslationFilter@591cf8bb, org.springframework.security.web.access.intercept.FilterSecurityInterceptor@2c57f447]
2021-02-28 20:51:48.482  INFO 722 --- [    Test worker] o.s.b.t.m.w.SpringBootMockServletContext : Initializing Spring TestDispatcherServlet ''
2021-02-28 20:51:48.483  INFO 722 --- [    Test worker] o.s.t.web.servlet.TestDispatcherServlet  : Initializing Servlet ''
2021-02-28 20:51:48.498  INFO 722 --- [    Test worker] o.s.t.web.servlet.TestDispatcherServlet  : Completed initialization in 15 ms
2021-02-28 20:51:48.544  INFO 722 --- [    Test worker] c.c.springboot.web.HelloControllerTest   : Started HelloControllerTest in 2.354 seconds (JVM running for 3.333)
]]></system-out>
  <system-err><![CDATA[]]></system-err>
</testsuite>
